Flutter crash report; please file at https://github.com/flutter/flutter/issues.

## command

flutter --no-color packages get

## exception

YamlException: Error on line 26, column 1: Duplicate mapping key.
environment:
^^^^^^^^^^^

```
#0      Loader._loadMapping (package:yaml/src/loader.dart:167:9)
#1      Loader._loadNode (package:yaml/src/loader.dart:86:16)
#2      Loader._loadDocument (package:yaml/src/loader.dart:62:20)
#3      Loader.load (package:yaml/src/loader.dart:54:20)
#4      loadYamlDocument (package:yaml/yaml.dart:51:25)
#5      loadYamlNode (package:yaml/yaml.dart:42:5)
#6      loadYaml (package:yaml/yaml.dart:34:5)
#7      FlutterManifest.createFromString (package:flutter_tools/src/flutter_manifest.dart:42:28)
<asynchronous suspension>
#8      FlutterManifest.createFromPath (package:flutter_tools/src/flutter_manifest.dart:36:12)
<asynchronous suspension>
#9      FlutterProject._readManifest (package:flutter_tools/src/project.dart:120:60)
<asynchronous suspension>
#10     FlutterProject.fromDirectory (package:flutter_tools/src/project.dart:44:51)
<asynchronous suspension>
#11     FlutterProject.fromPath (package:flutter_tools/src/project.dart:56:58)
#12     PackagesGetCommand.runCommand (package:flutter_tools/src/commands/packages.dart:83:61)
<asynchronous suspension>
#13     FlutterCommand.verifyThenRunCommand (package:flutter_tools/src/runner/flutter_command.dart:356:18)
#14     _asyncThenWrapperHelper.<anonymous closure> (dart:async/runtime/libasync_patch.dart:77:64)
#15     _rootRunUnary (dart:async/zone.dart:1132:38)
#16     _CustomZone.runUnary (dart:async/zone.dart:1029:19)
#17     _FutureListener.handleValue (dart:async/future_impl.dart:129:18)
#18     Future._propagateToListeners.handleValueCallback (dart:async/future_impl.dart:642:45)
#19     Future._propagateToListeners (dart:async/future_impl.dart:671:32)
#20     Future._complete (dart:async/future_impl.dart:476:7)
#21     _SyncCompleter.complete (dart:async/future_impl.dart:51:12)
#22     _AsyncAwaitCompleter.complete.<anonymous closure> (dart:async/runtime/libasync_patch.dart:33:20)
#23     _rootRun (dart:async/zone.dart:1124:13)
#24     _CustomZone.run (dart:async/zone.dart:1021:19)
#25     _CustomZone.bindCallback.<anonymous closure> (dart:async/zone.dart:947:23)
#26     _microtaskLoop (dart:async/schedule_microtask.dart:41:21)
#27     _startMicrotaskLoop (dart:async/schedule_microtask.dart:50:5)
#28     _runPendingImmediateCallback (dart:isolate/runtime/libisolate_patch.dart:115:13)
#29     _RawReceivePortImpl._handleMessage (dart:isolate/runtime/libisolate_patch.dart:172:5)
```

## flutter doctor

```
[✓] Flutter (Channel beta, v0.7.3, on Mac OS X 10.13.3 17D47, locale zh-Hans-CN)
    • Flutter version 0.7.3 at /Users/jzoom/working/flutter
    • Framework revision 3b309bda07 (3 weeks ago), 2018-08-28 12:39:24 -0700
    • Engine revision af42b6dc95
    • Dart version 2.1.0-dev.1.0.flutter-ccb16f7282

[✓] Android toolchain - develop for Android devices (Android SDK 27.0.3)
    • Android SDK at /Users/jzoom/Library/Android/sdk
    • Android NDK at /Users/jzoom/Library/Android/sdk/ndk-bundle
    • Platform android-27, build-tools 27.0.3
    • ANDROID_HOME = /Users/jzoom/Library/Android/sdk
    • Java binary at: /Applications/Android Studio.app/Contents/jre/jdk/Contents/Home/bin/java
    • Java version OpenJDK Runtime Environment (build 1.8.0_152-release-1024-b01)
    • All Android licenses accepted.

[✓] iOS toolchain - develop for iOS devices (Xcode 9.4.1)
    • Xcode at /Applications/Xcode.app/Contents/Developer
    • Xcode 9.4.1, Build version 9F2000
    • ios-deploy 1.9.2
    • CocoaPods version 1.5.2

[✓] Android Studio (version 3.1)
    • Android Studio at /Applications/Android Studio.app/Contents
    • Flutter plugin version 27.1.1
    • Dart plugin version 173.4700
    • Java version OpenJDK Runtime Environment (build 1.8.0_152-release-1024-b01)

[!] IntelliJ IDEA Community Edition (version 2018.1.5)
    • IntelliJ at /Applications/IntelliJ IDEA CE.app
    ✗ Flutter plugin not installed; this adds Flutter specific functionality.
    ✗ Dart plugin not installed; this adds Dart specific functionality.
    • For information about installing plugins, see
      https://flutter.io/intellij-setup/#installing-the-plugins

[✓] VS Code (version 1.27.2)
    • VS Code at /Applications/Visual Studio Code.app/Contents
    • Flutter extension version 2.18.0

[✓] Connected devices (1 available)
    • iPhone 6s • A797D8CC-2D5D-401B-9634-6D56B30FC76E • ios • iOS 11.4 (simulator)

! Doctor found issues in 1 category.
```
